Arguments: 
  /usr/local/bin/node /opt/yarn-v1.22.19/bin/yarn.js install

PATH: 
  /project/home/pitcher-host/.local/state/fnm_multishells/1254_1698076303929/bin:/usr/share/fnm:/usr/local/sbin:/usr/local/bin:/usr/sbin:/usr/bin:/sbin:/bin

Yarn version: 
  1.22.19

Node version: 
  16.17.0

Platform: 
  linux x64

Trace: 
  Error: ENOENT: no such file or directory, open '/project/.cache/yarn/v6/npm-extsprintf-1.3.0-96918440e3041a7a414f8c52e3c574eb3c3e1e05-integrity/node_modules/extsprintf/.yarn-tarball.tgz'

npm manifest: 
  {
    "name": "html-css-js",
    "version": "1.0.0",
    "description": "",
    "main": "index.html",
    "scripts": {
      "start": "parcel index.html --open",
      "build": "parcel build index.html"
    },
    "dependencies": {},
    "devDependencies": {
      "@babel/core": "7.2.0",
      "parcel-bundler": "^1.6.1"
    },
    "keywords": []
  }

yarn manifest: 
  No manifest

Lockfile: 
  No lockfile
